<?xml version="1.0" encoding="UTF-8"?>
<testng-results total="6" passed="5" failed="1" skipped="0">
  <reporter-output>
  </reporter-output>
  <suite started-at="2021-10-19T22:24:44Z" name="All Test Suite" finished-at="2021-10-19T22:25:38Z" duration-ms="54227">
    <groups>
    </groups>
    <test started-at="2021-10-19T22:24:44Z" name="C:/Users/sunil/IdeaProjects/Framework" finished-at="2021-10-19T22:25:38Z" duration-ms="54227">
      <class name="com.guru.testcases.LoginTest">
        <test-method is-config="true" signature="setup()[pri:0, instance:com.guru.testcases.LoginTest@2f666ebb]" started-at="2021-10-19T17:25:04Z" name="setup" finished-at="2021-10-19T17:25:11Z" duration-ms="6291" status="PASS">
          <reporter-output>
          </reporter-output>
        </test-method> <!-- setup -->
        <test-method signature="LogoTest()[pri:0, instance:com.guru.testcases.LoginTest@2f666ebb]" started-at="2021-10-19T17:25:11Z" name="LogoTest" finished-at="2021-10-19T17:25:11Z" duration-ms="115" status="PASS">
          <reporter-output>
          </reporter-output>
        </test-method> <!-- LogoTest -->
        <test-method is-config="true" signature="setup()[pri:0, instance:com.guru.testcases.LoginTest@2f666ebb]" started-at="2021-10-19T17:25:11Z" name="setup" finished-at="2021-10-19T17:25:15Z" duration-ms="4425" status="PASS">
          <reporter-output>
          </reporter-output>
        </test-method> <!-- setup -->
        <test-method signature="LoginPageTitleTest()[pri:0, instance:com.guru.testcases.LoginTest@2f666ebb]" started-at="2021-10-19T17:25:15Z" name="LoginPageTitleTest" finished-at="2021-10-19T17:25:15Z" duration-ms="40" status="PASS">
          <reporter-output>
          </reporter-output>
        </test-method> <!-- LoginPageTitleTest -->
      </class> <!-- com.guru.testcases.LoginTest -->
      <class name="com.guru.testcases.HomePageTest">
        <test-method is-config="true" signature="Setup()[pri:0, instance:com.guru.testcases.HomePageTest@24c22fe]" started-at="2021-10-19T17:24:44Z" name="Setup" finished-at="2021-10-19T17:24:53Z" duration-ms="9741" status="PASS">
          <reporter-output>
          </reporter-output>
        </test-method> <!-- Setup -->
        <test-method signature="VarifyHomePageTitleTest()[pri:0, instance:com.guru.testcases.HomePageTest@24c22fe]" started-at="2021-10-19T17:24:53Z" name="VarifyHomePageTitleTest" finished-at="2021-10-19T17:24:53Z" duration-ms="69" status="PASS">
          <reporter-output>
          </reporter-output>
        </test-method> <!-- VarifyHomePageTitleTest -->
        <test-method is-config="true" signature="Setup()[pri:0, instance:com.guru.testcases.HomePageTest@24c22fe]" started-at="2021-10-19T17:24:54Z" name="Setup" finished-at="2021-10-19T17:25:03Z" duration-ms="9537" status="PASS">
          <reporter-output>
          </reporter-output>
        </test-method> <!-- Setup -->
        <test-method signature="NewToursTest()[pri:0, instance:com.guru.testcases.HomePageTest@24c22fe]" started-at="2021-10-19T17:25:03Z" name="NewToursTest" finished-at="2021-10-19T17:25:04Z" duration-ms="1367" status="PASS">
          <reporter-output>
          </reporter-output>
        </test-method> <!-- NewToursTest -->
      </class> <!-- com.guru.testcases.HomePageTest -->
      <class name="com.guru.testcases.NewToursTest">
        <test-method is-config="true" signature="setup()[pri:0, instance:com.guru.testcases.NewToursTest@13bc8645]" started-at="2021-10-19T17:25:15Z" name="setup" finished-at="2021-10-19T17:25:28Z" duration-ms="12318" status="PASS">
          <reporter-output>
          </reporter-output>
        </test-method> <!-- setup -->
        <test-method signature="ValidateTittleTest()[pri:0, instance:com.guru.testcases.NewToursTest@13bc8645]" started-at="2021-10-19T17:25:28Z" name="ValidateTittleTest" finished-at="2021-10-19T17:25:28Z" duration-ms="23" status="FAIL">
          <exception class="java.lang.AssertionError">
            <message>
              <![CDATA[expected [b] but found [a]]]>
            </message>
            <full-stacktrace>
              <![CDATA[java.lang.AssertionError: expected [b] but found [a]
	at org.testng.Assert.fail(Assert.java:94)
	at org.testng.Assert.failNotEquals(Assert.java:494)
	at org.testng.Assert.assertEquals(Assert.java:123)
	at org.testng.Assert.assertEquals(Assert.java:176)
	at org.testng.Assert.assertEquals(Assert.java:186)
	at com.guru.testcases.NewToursTest.ValidateTittleTest(NewToursTest.java:39)
	at java.base/jdk.internal.reflect.NativeMethodAccessorImpl.invoke0(Native Method)
	at java.base/jdk.internal.reflect.NativeMethodAccessorImpl.invoke(NativeMethodAccessorImpl.java:62)
	at java.base/jdk.internal.reflect.DelegatingMethodAccessorImpl.invoke(DelegatingMethodAccessorImpl.java:43)
	at java.base/java.lang.reflect.Method.invoke(Method.java:566)
	at org.testng.internal.MethodInvocationHelper.invokeMethod(MethodInvocationHelper.java:84)
	at org.testng.internal.Invoker.invokeMethod(Invoker.java:714)
	at org.testng.internal.Invoker.invokeTestMethod(Invoker.java:901)
	at org.testng.internal.Invoker.invokeTestMethods(Invoker.java:1231)
	at org.testng.internal.TestMethodWorker.invokeTestMethods(TestMethodWorker.java:127)
	at org.testng.internal.TestMethodWorker.run(TestMethodWorker.java:111)
	at org.testng.TestRunner.privateRun(TestRunner.java:767)
	at org.testng.TestRunner.run(TestRunner.java:617)
	at org.testng.SuiteRunner.runTest(SuiteRunner.java:348)
	at org.testng.SuiteRunner.runSequentially(SuiteRunner.java:343)
	at org.testng.SuiteRunner.privateRun(SuiteRunner.java:305)
	at org.testng.SuiteRunner.run(SuiteRunner.java:254)
	at org.testng.SuiteRunnerWorker.runSuite(SuiteRunnerWorker.java:52)
	at org.testng.SuiteRunnerWorker.run(SuiteRunnerWorker.java:86)
	at org.testng.TestNG.runSuitesSequentially(TestNG.java:1224)
	at org.testng.TestNG.runSuitesLocally(TestNG.java:1149)
	at org.testng.TestNG.run(TestNG.java:1057)
	at org.apache.maven.surefire.testng.TestNGExecutor.run(TestNGExecutor.java:284)
	at org.apache.maven.surefire.testng.TestNGXmlTestSuite.execute(TestNGXmlTestSuite.java:75)
	at org.apache.maven.surefire.testng.TestNGProvider.invoke(TestNGProvider.java:119)
	at org.apache.maven.surefire.booter.ForkedBooter.runSuitesInProcess(ForkedBooter.java:428)
	at org.apache.maven.surefire.booter.ForkedBooter.execute(ForkedBooter.java:162)
	at org.apache.maven.surefire.booter.ForkedBooter.run(ForkedBooter.java:562)
	at org.apache.maven.surefire.booter.ForkedBooter.main(ForkedBooter.java:548)
]]>
            </full-stacktrace>
          </exception> <!-- java.lang.AssertionError -->
          <reporter-output>
          </reporter-output>
        </test-method> <!-- ValidateTittleTest -->
        <test-method is-config="true" signature="setup()[pri:0, instance:com.guru.testcases.NewToursTest@13bc8645]" started-at="2021-10-19T17:25:28Z" name="setup" finished-at="2021-10-19T17:25:37Z" duration-ms="8888" status="PASS">
          <reporter-output>
          </reporter-output>
        </test-method> <!-- setup -->
        <test-method signature="AddContactTest()[pri:0, instance:com.guru.testcases.NewToursTest@13bc8645]" started-at="2021-10-19T17:25:37Z" name="AddContactTest" finished-at="2021-10-19T17:25:38Z" duration-ms="1292" status="PASS">
          <reporter-output>
          </reporter-output>
        </test-method> <!-- AddContactTest -->
      </class> <!-- com.guru.testcases.NewToursTest -->
    </test> <!-- C:/Users/sunil/IdeaProjects/Framework -->
  </suite> <!-- All Test Suite -->
</testng-results>
